<?xml version="1.0" encoding="UTF-8"?>
<testsuite xmlns:xsi="http://www.w3.org/2001/XMLSchema-instance" xsi:noNamespaceSchemaLocation="https://maven.apache.org/surefire/maven-surefire-plugin/xsd/surefire-test-report.xsd" name="br.com.waes.json.diff.ApplicationTests" time="3.795" tests="1" errors="0" skipped="0" failures="0">
  <properties>
    <property name="awt.toolkit" value="sun.awt.X11.XToolkit"/>
    <property name="file.encoding.pkg" value="sun.io"/>
    <property name="java.specification.version" value="1.8"/>
    <property name="sun.cpu.isalist" value=""/>
    <property name="sun.jnu.encoding" value="UTF-8"/>
    <property name="java.class.path" value="/home/fmonteiro/git/json-diff-api/target/test-classes:/home/fmonteiro/git/json-diff-api/target/classes:/home/fmonteiro/.m2/repository/org/mapstruct/mapstruct/1.4.2.Final/mapstruct-1.4.2.Final.jar:/home/fmonteiro/.m2/repository/org/springframework/boot/spring-boot-starter-data-elasticsearch/2.4.3/spring-boot-starter-data-elasticsearch-2.4.3.jar:/home/fmonteiro/.m2/repository/org/springframework/boot/spring-boot-starter/2.4.3/spring-boot-starter-2.4.3.jar:/home/fmonteiro/.m2/repository/org/springframework/boot/spring-boot/2.4.3/spring-boot-2.4.3.jar:/home/fmonteiro/.m2/repository/org/springframework/boot/spring-boot-autoconfigure/2.4.3/spring-boot-autoconfigure-2.4.3.jar:/home/fmonteiro/.m2/repository/org/springframework/boot/spring-boot-starter-logging/2.4.3/spring-boot-starter-logging-2.4.3.jar:/home/fmonteiro/.m2/repository/ch/qos/logback/logback-classic/1.2.3/logback-classic-1.2.3.jar:/home/fmonteiro/.m2/repository/ch/qos/logback/logback-core/1.2.3/logback-core-1.2.3.jar:/home/fmonteiro/.m2/repository/org/apache/logging/log4j/log4j-to-slf4j/2.13.3/log4j-to-slf4j-2.13.3.jar:/home/fmonteiro/.m2/repository/org/apache/logging/log4j/log4j-api/2.13.3/log4j-api-2.13.3.jar:/home/fmonteiro/.m2/repository/org/slf4j/jul-to-slf4j/1.7.30/jul-to-slf4j-1.7.30.jar:/home/fmonteiro/.m2/repository/jakarta/annotation/jakarta.annotation-api/1.3.5/jakarta.annotation-api-1.3.5.jar:/home/fmonteiro/.m2/repository/org/yaml/snakeyaml/1.27/snakeyaml-1.27.jar:/home/fmonteiro/.m2/repository/org/springframework/data/spring-data-elasticsearch/4.1.5/spring-data-elasticsearch-4.1.5.jar:/home/fmonteiro/.m2/repository/org/springframework/spring-context/5.3.4/spring-context-5.3.4.jar:/home/fmonteiro/.m2/repository/org/springframework/spring-tx/5.3.4/spring-tx-5.3.4.jar:/home/fmonteiro/.m2/repository/org/springframework/data/spring-data-commons/2.4.5/spring-data-commons-2.4.5.jar:/home/fmonteiro/.m2/repository/org/elasticsearch/plugin/transport-netty4-client/7.9.3/transport-netty4-client-7.9.3.jar:/home/fmonteiro/.m2/repository/io/netty/netty-buffer/4.1.59.Final/netty-buffer-4.1.59.Final.jar:/home/fmonteiro/.m2/repository/io/netty/netty-codec/4.1.59.Final/netty-codec-4.1.59.Final.jar:/home/fmonteiro/.m2/repository/io/netty/netty-codec-http/4.1.59.Final/netty-codec-http-4.1.59.Final.jar:/home/fmonteiro/.m2/repository/io/netty/netty-common/4.1.59.Final/netty-common-4.1.59.Final.jar:/home/fmonteiro/.m2/repository/io/netty/netty-handler/4.1.59.Final/netty-handler-4.1.59.Final.jar:/home/fmonteiro/.m2/repository/io/netty/netty-resolver/4.1.59.Final/netty-resolver-4.1.59.Final.jar:/home/fmonteiro/.m2/repository/io/netty/netty-transport/4.1.59.Final/netty-transport-4.1.59.Final.jar:/home/fmonteiro/.m2/repository/org/elasticsearch/client/elasticsearch-rest-high-level-client/7.9.3/elasticsearch-rest-high-level-client-7.9.3.jar:/home/fmonteiro/.m2/repository/org/elasticsearch/elasticsearch/7.9.3/elasticsearch-7.9.3.jar:/home/fmonteiro/.m2/repository/org/elasticsearch/elasticsearch-core/7.9.3/elasticsearch-core-7.9.3.jar:/home/fmonteiro/.m2/repository/org/elasticsearch/elasticsearch-secure-sm/7.9.3/elasticsearch-secure-sm-7.9.3.jar:/home/fmonteiro/.m2/repository/org/elasticsearch/elasticsearch-x-content/7.9.3/elasticsearch-x-content-7.9.3.jar:/home/fmonteiro/.m2/repository/com/fasterxml/jackson/dataformat/jackson-dataformat-smile/2.11.4/jackson-dataformat-smile-2.11.4.jar:/home/fmonteiro/.m2/repository/com/fasterxml/jackson/dataformat/jackson-dataformat-yaml/2.11.4/jackson-dataformat-yaml-2.11.4.jar:/home/fmonteiro/.m2/repository/com/fasterxml/jackson/dataformat/jackson-dataformat-cbor/2.11.4/jackson-dataformat-cbor-2.11.4.jar:/home/fmonteiro/.m2/repository/org/elasticsearch/elasticsearch-geo/7.9.3/elasticsearch-geo-7.9.3.jar:/home/fmonteiro/.m2/repository/org/apache/lucene/lucene-core/8.6.2/lucene-core-8.6.2.jar:/home/fmonteiro/.m2/repository/org/apache/lucene/lucene-analyzers-common/8.6.2/lucene-analyzers-common-8.6.2.jar:/home/fmonteiro/.m2/repository/org/apache/lucene/lucene-backward-codecs/8.6.2/lucene-backward-codecs-8.6.2.jar:/home/fmonteiro/.m2/repository/org/apache/lucene/lucene-grouping/8.6.2/lucene-grouping-8.6.2.jar:/home/fmonteiro/.m2/repository/org/apache/lucene/lucene-highlighter/8.6.2/lucene-highlighter-8.6.2.jar:/home/fmonteiro/.m2/repository/org/apache/lucene/lucene-join/8.6.2/lucene-join-8.6.2.jar:/home/fmonteiro/.m2/repository/org/apache/lucene/lucene-memory/8.6.2/lucene-memory-8.6.2.jar:/home/fmonteiro/.m2/repository/org/apache/lucene/lucene-misc/8.6.2/lucene-misc-8.6.2.jar:/home/fmonteiro/.m2/repository/org/apache/lucene/lucene-queries/8.6.2/lucene-queries-8.6.2.jar:/home/fmonteiro/.m2/repository/org/apache/lucene/lucene-queryparser/8.6.2/lucene-queryparser-8.6.2.jar:/home/fmonteiro/.m2/repository/org/apache/lucene/lucene-sandbox/8.6.2/lucene-sandbox-8.6.2.jar:/home/fmonteiro/.m2/repository/org/apache/lucene/lucene-spatial-extras/8.6.2/lucene-spatial-extras-8.6.2.jar:/home/fmonteiro/.m2/repository/org/apache/lucene/lucene-spatial3d/8.6.2/lucene-spatial3d-8.6.2.jar:/home/fmonteiro/.m2/repository/org/apache/lucene/lucene-suggest/8.6.2/lucene-suggest-8.6.2.jar:/home/fmonteiro/.m2/repository/org/elasticsearch/elasticsearch-cli/7.9.3/elasticsearch-cli-7.9.3.jar:/home/fmonteiro/.m2/repository/net/sf/jopt-simple/jopt-simple/5.0.2/jopt-simple-5.0.2.jar:/home/fmonteiro/.m2/repository/com/carrotsearch/hppc/0.8.1/hppc-0.8.1.jar:/home/fmonteiro/.m2/repository/joda-time/joda-time/2.10.4/joda-time-2.10.4.jar:/home/fmonteiro/.m2/repository/com/tdunning/t-digest/3.2/t-digest-3.2.jar:/home/fmonteiro/.m2/repository/org/hdrhistogram/HdrHistogram/2.1.9/HdrHistogram-2.1.9.jar:/home/fmonteiro/.m2/repository/org/elasticsearch/jna/5.5.0/jna-5.5.0.jar:/home/fmonteiro/.m2/repository/org/elasticsearch/client/elasticsearch-rest-client/7.9.3/elasticsearch-rest-client-7.9.3.jar:/home/fmonteiro/.m2/repository/org/apache/httpcomponents/httpasyncclient/4.1.4/httpasyncclient-4.1.4.jar:/home/fmonteiro/.m2/repository/org/apache/httpcomponents/httpcore-nio/4.4.14/httpcore-nio-4.4.14.jar:/home/fmonteiro/.m2/repository/org/elasticsearch/plugin/mapper-extras-client/7.9.3/mapper-extras-client-7.9.3.jar:/home/fmonteiro/.m2/repository/org/elasticsearch/plugin/parent-join-client/7.9.3/parent-join-client-7.9.3.jar:/home/fmonteiro/.m2/repository/org/elasticsearch/plugin/aggs-matrix-stats-client/7.9.3/aggs-matrix-stats-client-7.9.3.jar:/home/fmonteiro/.m2/repository/org/elasticsearch/plugin/rank-eval-client/7.9.3/rank-eval-client-7.9.3.jar:/home/fmonteiro/.m2/repository/org/elasticsearch/plugin/lang-mustache-client/7.9.3/lang-mustache-client-7.9.3.jar:/home/fmonteiro/.m2/repository/com/github/spullara/mustache/java/compiler/0.9.6/compiler-0.9.6.jar:/home/fmonteiro/.m2/repository/com/fasterxml/jackson/core/jackson-core/2.11.4/jackson-core-2.11.4.jar:/home/fmonteiro/.m2/repository/org/slf4j/slf4j-api/1.7.30/slf4j-api-1.7.30.jar:/home/fmonteiro/.m2/repository/org/springframework/boot/spring-boot-starter-data-jpa/2.4.3/spring-boot-starter-data-jpa-2.4.3.jar:/home/fmonteiro/.m2/repository/org/springframework/boot/spring-boot-starter-aop/2.4.3/spring-boot-starter-aop-2.4.3.jar:/home/fmonteiro/.m2/repository/org/springframework/spring-aop/5.3.4/spring-aop-5.3.4.jar:/home/fmonteiro/.m2/repository/org/aspectj/aspectjweaver/1.9.6/aspectjweaver-1.9.6.jar:/home/fmonteiro/.m2/repository/org/springframework/boot/spring-boot-starter-jdbc/2.4.3/spring-boot-starter-jdbc-2.4.3.jar:/home/fmonteiro/.m2/repository/com/zaxxer/HikariCP/3.4.5/HikariCP-3.4.5.jar:/home/fmonteiro/.m2/repository/org/springframework/spring-jdbc/5.3.4/spring-jdbc-5.3.4.jar:/home/fmonteiro/.m2/repository/jakarta/transaction/jakarta.transaction-api/1.3.3/jakarta.transaction-api-1.3.3.jar:/home/fmonteiro/.m2/repository/jakarta/persistence/jakarta.persistence-api/2.2.3/jakarta.persistence-api-2.2.3.jar:/home/fmonteiro/.m2/repository/org/hibernate/hibernate-core/5.4.28.Final/hibernate-core-5.4.28.Final.jar:/home/fmonteiro/.m2/repository/org/jboss/logging/jboss-logging/3.4.1.Final/jboss-logging-3.4.1.Final.jar:/home/fmonteiro/.m2/repository/org/javassist/javassist/3.27.0-GA/javassist-3.27.0-GA.jar:/home/fmonteiro/.m2/repository/net/bytebuddy/byte-buddy/1.10.20/byte-buddy-1.10.20.jar:/home/fmonteiro/.m2/repository/antlr/antlr/2.7.7/antlr-2.7.7.jar:/home/fmonteiro/.m2/repository/org/jboss/jandex/2.2.3.Final/jandex-2.2.3.Final.jar:/home/fmonteiro/.m2/repository/com/fasterxml/classmate/1.5.1/classmate-1.5.1.jar:/home/fmonteiro/.m2/repository/org/dom4j/dom4j/2.1.3/dom4j-2.1.3.jar:/home/fmonteiro/.m2/repository/org/hibernate/common/hibernate-commons-annotations/5.1.2.Final/hibernate-commons-annotations-5.1.2.Final.jar:/home/fmonteiro/.m2/repository/org/glassfish/jaxb/jaxb-runtime/2.3.3/jaxb-runtime-2.3.3.jar:/home/fmonteiro/.m2/repository/org/glassfish/jaxb/txw2/2.3.3/txw2-2.3.3.jar:/home/fmonteiro/.m2/repository/com/sun/istack/istack-commons-runtime/3.0.11/istack-commons-runtime-3.0.11.jar:/home/fmonteiro/.m2/repository/com/sun/activation/jakarta.activation/1.2.2/jakarta.activation-1.2.2.jar:/home/fmonteiro/.m2/repository/org/springframework/data/spring-data-jpa/2.4.5/spring-data-jpa-2.4.5.jar:/home/fmonteiro/.m2/repository/org/springframework/spring-orm/5.3.4/spring-orm-5.3.4.jar:/home/fmonteiro/.m2/repository/org/springframework/spring-beans/5.3.4/spring-beans-5.3.4.jar:/home/fmonteiro/.m2/repository/org/springframework/spring-aspects/5.3.4/spring-aspects-5.3.4.jar:/home/fmonteiro/.m2/repository/org/springframework/boot/spring-boot-starter-web/2.4.3/spring-boot-starter-web-2.4.3.jar:/home/fmonteiro/.m2/repository/org/springframework/boot/spring-boot-starter-json/2.4.3/spring-boot-starter-json-2.4.3.jar:/home/fmonteiro/.m2/repository/com/fasterxml/jackson/datatype/jackson-datatype-jdk8/2.11.4/jackson-datatype-jdk8-2.11.4.jar:/home/fmonteiro/.m2/repository/com/fasterxml/jackson/datatype/jackson-datatype-jsr310/2.11.4/jackson-datatype-jsr310-2.11.4.jar:/home/fmonteiro/.m2/repository/com/fasterxml/jackson/module/jackson-module-parameter-names/2.11.4/jackson-module-parameter-names-2.11.4.jar:/home/fmonteiro/.m2/repository/org/springframework/boot/spring-boot-starter-tomcat/2.4.3/spring-boot-starter-tomcat-2.4.3.jar:/home/fmonteiro/.m2/repository/org/apache/tomcat/embed/tomcat-embed-core/9.0.43/tomcat-embed-core-9.0.43.jar:/home/fmonteiro/.m2/repository/org/glassfish/jakarta.el/3.0.3/jakarta.el-3.0.3.jar:/home/fmonteiro/.m2/repository/org/apache/tomcat/embed/tomcat-embed-websocket/9.0.43/tomcat-embed-websocket-9.0.43.jar:/home/fmonteiro/.m2/repository/org/springframework/spring-web/5.3.4/spring-web-5.3.4.jar:/home/fmonteiro/.m2/repository/org/springframework/spring-webmvc/5.3.4/spring-webmvc-5.3.4.jar:/home/fmonteiro/.m2/repository/org/springframework/spring-expression/5.3.4/spring-expression-5.3.4.jar:/home/fmonteiro/.m2/repository/com/github/java-json-tools/json-patch/1.13/json-patch-1.13.jar:/home/fmonteiro/.m2/repository/com/fasterxml/jackson/core/jackson-databind/2.11.4/jackson-databind-2.11.4.jar:/home/fmonteiro/.m2/repository/com/fasterxml/jackson/core/jackson-annotations/2.11.4/jackson-annotations-2.11.4.jar:/home/fmonteiro/.m2/repository/com/github/java-json-tools/msg-simple/1.2/msg-simple-1.2.jar:/home/fmonteiro/.m2/repository/com/github/java-json-tools/btf/1.3/btf-1.3.jar:/home/fmonteiro/.m2/repository/com/google/code/findbugs/jsr305/2.0.1/jsr305-2.0.1.jar:/home/fmonteiro/.m2/repository/com/github/java-json-tools/jackson-coreutils/2.0/jackson-coreutils-2.0.jar:/home/fmonteiro/.m2/repository/org/apache/commons/commons-lang3/3.11/commons-lang3-3.11.jar:/home/fmonteiro/.m2/repository/com/google/code/gson/gson/2.8.6/gson-2.8.6.jar:/home/fmonteiro/.m2/repository/io/rest-assured/rest-assured/3.3.0/rest-assured-3.3.0.jar:/home/fmonteiro/.m2/repository/org/codehaus/groovy/groovy/2.5.14/groovy-2.5.14.jar:/home/fmonteiro/.m2/repository/org/codehaus/groovy/groovy-xml/2.5.14/groovy-xml-2.5.14.jar:/home/fmonteiro/.m2/repository/org/apache/httpcomponents/httpclient/4.5.13/httpclient-4.5.13.jar:/home/fmonteiro/.m2/repository/org/apache/httpcomponents/httpcore/4.4.14/httpcore-4.4.14.jar:/home/fmonteiro/.m2/repository/commons-codec/commons-codec/1.15/commons-codec-1.15.jar:/home/fmonteiro/.m2/repository/org/apache/httpcomponents/httpmime/4.5.13/httpmime-4.5.13.jar:/home/fmonteiro/.m2/repository/org/hamcrest/hamcrest-core/2.2/hamcrest-core-2.2.jar:/home/fmonteiro/.m2/repository/org/hamcrest/hamcrest-library/2.2/hamcrest-library-2.2.jar:/home/fmonteiro/.m2/repository/org/ccil/cowan/tagsoup/tagsoup/1.2.1/tagsoup-1.2.1.jar:/home/fmonteiro/.m2/repository/io/rest-assured/json-path/3.3.0/json-path-3.3.0.jar:/home/fmonteiro/.m2/repository/org/codehaus/groovy/groovy-json/2.5.14/groovy-json-2.5.14.jar:/home/fmonteiro/.m2/repository/io/rest-assured/rest-assured-common/3.3.0/rest-assured-common-3.3.0.jar:/home/fmonteiro/.m2/repository/io/rest-assured/xml-path/3.3.0/xml-path-3.3.0.jar:/home/fmonteiro/.m2/repository/javax/xml/bind/jaxb-api/2.3.1/jaxb-api-2.3.1.jar:/home/fmonteiro/.m2/repository/javax/activation/javax.activation-api/1.2.0/javax.activation-api-1.2.0.jar:/home/fmonteiro/.m2/repository/com/sun/xml/bind/jaxb-osgi/2.2.10/jaxb-osgi-2.2.10.jar:/home/fmonteiro/.m2/repository/org/apache/sling/org.apache.sling.javax.activation/0.1.0/org.apache.sling.javax.activation-0.1.0.jar:/home/fmonteiro/.m2/repository/javax/activation/activation/1.1.1/activation-1.1.1.jar:/home/fmonteiro/.m2/repository/com/h2database/h2/1.4.200/h2-1.4.200.jar:/home/fmonteiro/.m2/repository/org/projectlombok/lombok/1.18.18/lombok-1.18.18.jar:/home/fmonteiro/.m2/repository/org/springframework/boot/spring-boot-starter-test/2.4.3/spring-boot-starter-test-2.4.3.jar:/home/fmonteiro/.m2/repository/org/springframework/boot/spring-boot-test/2.4.3/spring-boot-test-2.4.3.jar:/home/fmonteiro/.m2/repository/org/springframework/boot/spring-boot-test-autoconfigure/2.4.3/spring-boot-test-autoconfigure-2.4.3.jar:/home/fmonteiro/.m2/repository/com/jayway/jsonpath/json-path/2.4.0/json-path-2.4.0.jar:/home/fmonteiro/.m2/repository/net/minidev/json-smart/2.3/json-smart-2.3.jar:/home/fmonteiro/.m2/repository/net/minidev/accessors-smart/1.2/accessors-smart-1.2.jar:/home/fmonteiro/.m2/repository/org/ow2/asm/asm/5.0.4/asm-5.0.4.jar:/home/fmonteiro/.m2/repository/jakarta/xml/bind/jakarta.xml.bind-api/2.3.3/jakarta.xml.bind-api-2.3.3.jar:/home/fmonteiro/.m2/repository/jakarta/activation/jakarta.activation-api/1.2.2/jakarta.activation-api-1.2.2.jar:/home/fmonteiro/.m2/repository/org/assertj/assertj-core/3.18.1/assertj-core-3.18.1.jar:/home/fmonteiro/.m2/repository/org/hamcrest/hamcrest/2.2/hamcrest-2.2.jar:/home/fmonteiro/.m2/repository/org/junit/jupiter/junit-jupiter/5.7.1/junit-jupiter-5.7.1.jar:/home/fmonteiro/.m2/repository/org/junit/jupiter/junit-jupiter-api/5.7.1/junit-jupiter-api-5.7.1.jar:/home/fmonteiro/.m2/repository/org/apiguardian/apiguardian-api/1.1.0/apiguardian-api-1.1.0.jar:/home/fmonteiro/.m2/repository/org/opentest4j/opentest4j/1.2.0/opentest4j-1.2.0.jar:/home/fmonteiro/.m2/repository/org/junit/platform/junit-platform-commons/1.7.1/junit-platform-commons-1.7.1.jar:/home/fmonteiro/.m2/repository/org/junit/jupiter/junit-jupiter-params/5.7.1/junit-jupiter-params-5.7.1.jar:/home/fmonteiro/.m2/repository/org/junit/jupiter/junit-jupiter-engine/5.7.1/junit-jupiter-engine-5.7.1.jar:/home/fmonteiro/.m2/repository/org/junit/platform/junit-platform-engine/1.7.1/junit-platform-engine-1.7.1.jar:/home/fmonteiro/.m2/repository/org/mockito/mockito-core/3.6.28/mockito-core-3.6.28.jar:/home/fmonteiro/.m2/repository/net/bytebuddy/byte-buddy-agent/1.10.20/byte-buddy-agent-1.10.20.jar:/home/fmonteiro/.m2/repository/org/objenesis/objenesis/3.1/objenesis-3.1.jar:/home/fmonteiro/.m2/repository/org/mockito/mockito-junit-jupiter/3.6.28/mockito-junit-jupiter-3.6.28.jar:/home/fmonteiro/.m2/repository/org/skyscreamer/jsonassert/1.5.0/jsonassert-1.5.0.jar:/home/fmonteiro/.m2/repository/com/vaadin/external/google/android-json/0.0.20131108.vaadin1/android-json-0.0.20131108.vaadin1.jar:/home/fmonteiro/.m2/repository/org/springframework/spring-core/5.3.4/spring-core-5.3.4.jar:/home/fmonteiro/.m2/repository/org/springframework/spring-jcl/5.3.4/spring-jcl-5.3.4.jar:/home/fmonteiro/.m2/repository/org/springframework/spring-test/5.3.4/spring-test-5.3.4.jar:/home/fmonteiro/.m2/repository/org/xmlunit/xmlunit-core/2.7.0/xmlunit-core-2.7.0.jar:"/>
    <property name="java.vm.vendor" value="Private Build"/>
    <property name="sun.arch.data.model" value="64"/>
    <property name="java.vendor.url" value="http://java.oracle.com/"/>
    <property name="user.timezone" value=""/>
    <property name="java.vm.specification.version" value="1.8"/>
    <property name="os.name" value="Linux"/>
    <property name="user.country" value="US"/>
    <property name="sun.java.launcher" value="SUN_STANDARD"/>
    <property name="sun.boot.library.path" value="/usr/lib/jvm/java-8-openjdk-amd64/jre/lib/amd64"/>
    <property name="sun.java.command" value="/home/fmonteiro/git/json-diff-api/target/surefire/surefirebooter3099970201886642213.jar /home/fmonteiro/git/json-diff-api/target/surefire 2021-03-18T21-44-40_995-jvmRun1 surefire6122808209212732146tmp surefire_05029397150079641170tmp"/>
    <property name="surefire.test.class.path" value="/home/fmonteiro/git/json-diff-api/target/test-classes:/home/fmonteiro/git/json-diff-api/target/classes:/home/fmonteiro/.m2/repository/org/mapstruct/mapstruct/1.4.2.Final/mapstruct-1.4.2.Final.jar:/home/fmonteiro/.m2/repository/org/springframework/boot/spring-boot-starter-data-elasticsearch/2.4.3/spring-boot-starter-data-elasticsearch-2.4.3.jar:/home/fmonteiro/.m2/repository/org/springframework/boot/spring-boot-starter/2.4.3/spring-boot-starter-2.4.3.jar:/home/fmonteiro/.m2/repository/org/springframework/boot/spring-boot/2.4.3/spring-boot-2.4.3.jar:/home/fmonteiro/.m2/repository/org/springframework/boot/spring-boot-autoconfigure/2.4.3/spring-boot-autoconfigure-2.4.3.jar:/home/fmonteiro/.m2/repository/org/springframework/boot/spring-boot-starter-logging/2.4.3/spring-boot-starter-logging-2.4.3.jar:/home/fmonteiro/.m2/repository/ch/qos/logback/logback-classic/1.2.3/logback-classic-1.2.3.jar:/home/fmonteiro/.m2/repository/ch/qos/logback/logback-core/1.2.3/logback-core-1.2.3.jar:/home/fmonteiro/.m2/repository/org/apache/logging/log4j/log4j-to-slf4j/2.13.3/log4j-to-slf4j-2.13.3.jar:/home/fmonteiro/.m2/repository/org/apache/logging/log4j/log4j-api/2.13.3/log4j-api-2.13.3.jar:/home/fmonteiro/.m2/repository/org/slf4j/jul-to-slf4j/1.7.30/jul-to-slf4j-1.7.30.jar:/home/fmonteiro/.m2/repository/jakarta/annotation/jakarta.annotation-api/1.3.5/jakarta.annotation-api-1.3.5.jar:/home/fmonteiro/.m2/repository/org/yaml/snakeyaml/1.27/snakeyaml-1.27.jar:/home/fmonteiro/.m2/repository/org/springframework/data/spring-data-elasticsearch/4.1.5/spring-data-elasticsearch-4.1.5.jar:/home/fmonteiro/.m2/repository/org/springframework/spring-context/5.3.4/spring-context-5.3.4.jar:/home/fmonteiro/.m2/repository/org/springframework/spring-tx/5.3.4/spring-tx-5.3.4.jar:/home/fmonteiro/.m2/repository/org/springframework/data/spring-data-commons/2.4.5/spring-data-commons-2.4.5.jar:/home/fmonteiro/.m2/repository/org/elasticsearch/plugin/transport-netty4-client/7.9.3/transport-netty4-client-7.9.3.jar:/home/fmonteiro/.m2/repository/io/netty/netty-buffer/4.1.59.Final/netty-buffer-4.1.59.Final.jar:/home/fmonteiro/.m2/repository/io/netty/netty-codec/4.1.59.Final/netty-codec-4.1.59.Final.jar:/home/fmonteiro/.m2/repository/io/netty/netty-codec-http/4.1.59.Final/netty-codec-http-4.1.59.Final.jar:/home/fmonteiro/.m2/repository/io/netty/netty-common/4.1.59.Final/netty-common-4.1.59.Final.jar:/home/fmonteiro/.m2/repository/io/netty/netty-handler/4.1.59.Final/netty-handler-4.1.59.Final.jar:/home/fmonteiro/.m2/repository/io/netty/netty-resolver/4.1.59.Final/netty-resolver-4.1.59.Final.jar:/home/fmonteiro/.m2/repository/io/netty/netty-transport/4.1.59.Final/netty-transport-4.1.59.Final.jar:/home/fmonteiro/.m2/repository/org/elasticsearch/client/elasticsearch-rest-high-level-client/7.9.3/elasticsearch-rest-high-level-client-7.9.3.jar:/home/fmonteiro/.m2/repository/org/elasticsearch/elasticsearch/7.9.3/elasticsearch-7.9.3.jar:/home/fmonteiro/.m2/repository/org/elasticsearch/elasticsearch-core/7.9.3/elasticsearch-core-7.9.3.jar:/home/fmonteiro/.m2/repository/org/elasticsearch/elasticsearch-secure-sm/7.9.3/elasticsearch-secure-sm-7.9.3.jar:/home/fmonteiro/.m2/repository/org/elasticsearch/elasticsearch-x-content/7.9.3/elasticsearch-x-content-7.9.3.jar:/home/fmonteiro/.m2/repository/com/fasterxml/jackson/dataformat/jackson-dataformat-smile/2.11.4/jackson-dataformat-smile-2.11.4.jar:/home/fmonteiro/.m2/repository/com/fasterxml/jackson/dataformat/jackson-dataformat-yaml/2.11.4/jackson-dataformat-yaml-2.11.4.jar:/home/fmonteiro/.m2/repository/com/fasterxml/jackson/dataformat/jackson-dataformat-cbor/2.11.4/jackson-dataformat-cbor-2.11.4.jar:/home/fmonteiro/.m2/repository/org/elasticsearch/elasticsearch-geo/7.9.3/elasticsearch-geo-7.9.3.jar:/home/fmonteiro/.m2/repository/org/apache/lucene/lucene-core/8.6.2/lucene-core-8.6.2.jar:/home/fmonteiro/.m2/repository/org/apache/lucene/lucene-analyzers-common/8.6.2/lucene-analyzers-common-8.6.2.jar:/home/fmonteiro/.m2/repository/org/apache/lucene/lucene-backward-codecs/8.6.2/lucene-backward-codecs-8.6.2.jar:/home/fmonteiro/.m2/repository/org/apache/lucene/lucene-grouping/8.6.2/lucene-grouping-8.6.2.jar:/home/fmonteiro/.m2/repository/org/apache/lucene/lucene-highlighter/8.6.2/lucene-highlighter-8.6.2.jar:/home/fmonteiro/.m2/repository/org/apache/lucene/lucene-join/8.6.2/lucene-join-8.6.2.jar:/home/fmonteiro/.m2/repository/org/apache/lucene/lucene-memory/8.6.2/lucene-memory-8.6.2.jar:/home/fmonteiro/.m2/repository/org/apache/lucene/lucene-misc/8.6.2/lucene-misc-8.6.2.jar:/home/fmonteiro/.m2/repository/org/apache/lucene/lucene-queries/8.6.2/lucene-queries-8.6.2.jar:/home/fmonteiro/.m2/repository/org/apache/lucene/lucene-queryparser/8.6.2/lucene-queryparser-8.6.2.jar:/home/fmonteiro/.m2/repository/org/apache/lucene/lucene-sandbox/8.6.2/lucene-sandbox-8.6.2.jar:/home/fmonteiro/.m2/repository/org/apache/lucene/lucene-spatial-extras/8.6.2/lucene-spatial-extras-8.6.2.jar:/home/fmonteiro/.m2/repository/org/apache/lucene/lucene-spatial3d/8.6.2/lucene-spatial3d-8.6.2.jar:/home/fmonteiro/.m2/repository/org/apache/lucene/lucene-suggest/8.6.2/lucene-suggest-8.6.2.jar:/home/fmonteiro/.m2/repository/org/elasticsearch/elasticsearch-cli/7.9.3/elasticsearch-cli-7.9.3.jar:/home/fmonteiro/.m2/repository/net/sf/jopt-simple/jopt-simple/5.0.2/jopt-simple-5.0.2.jar:/home/fmonteiro/.m2/repository/com/carrotsearch/hppc/0.8.1/hppc-0.8.1.jar:/home/fmonteiro/.m2/repository/joda-time/joda-time/2.10.4/joda-time-2.10.4.jar:/home/fmonteiro/.m2/repository/com/tdunning/t-digest/3.2/t-digest-3.2.jar:/home/fmonteiro/.m2/repository/org/hdrhistogram/HdrHistogram/2.1.9/HdrHistogram-2.1.9.jar:/home/fmonteiro/.m2/repository/org/elasticsearch/jna/5.5.0/jna-5.5.0.jar:/home/fmonteiro/.m2/repository/org/elasticsearch/client/elasticsearch-rest-client/7.9.3/elasticsearch-rest-client-7.9.3.jar:/home/fmonteiro/.m2/repository/org/apache/httpcomponents/httpasyncclient/4.1.4/httpasyncclient-4.1.4.jar:/home/fmonteiro/.m2/repository/org/apache/httpcomponents/httpcore-nio/4.4.14/httpcore-nio-4.4.14.jar:/home/fmonteiro/.m2/repository/org/elasticsearch/plugin/mapper-extras-client/7.9.3/mapper-extras-client-7.9.3.jar:/home/fmonteiro/.m2/repository/org/elasticsearch/plugin/parent-join-client/7.9.3/parent-join-client-7.9.3.jar:/home/fmonteiro/.m2/repository/org/elasticsearch/plugin/aggs-matrix-stats-client/7.9.3/aggs-matrix-stats-client-7.9.3.jar:/home/fmonteiro/.m2/repository/org/elasticsearch/plugin/rank-eval-client/7.9.3/rank-eval-client-7.9.3.jar:/home/fmonteiro/.m2/repository/org/elasticsearch/plugin/lang-mustache-client/7.9.3/lang-mustache-client-7.9.3.jar:/home/fmonteiro/.m2/repository/com/github/spullara/mustache/java/compiler/0.9.6/compiler-0.9.6.jar:/home/fmonteiro/.m2/repository/com/fasterxml/jackson/core/jackson-core/2.11.4/jackson-core-2.11.4.jar:/home/fmonteiro/.m2/repository/org/slf4j/slf4j-api/1.7.30/slf4j-api-1.7.30.jar:/home/fmonteiro/.m2/repository/org/springframework/boot/spring-boot-starter-data-jpa/2.4.3/spring-boot-starter-data-jpa-2.4.3.jar:/home/fmonteiro/.m2/repository/org/springframework/boot/spring-boot-starter-aop/2.4.3/spring-boot-starter-aop-2.4.3.jar:/home/fmonteiro/.m2/repository/org/springframework/spring-aop/5.3.4/spring-aop-5.3.4.jar:/home/fmonteiro/.m2/repository/org/aspectj/aspectjweaver/1.9.6/aspectjweaver-1.9.6.jar:/home/fmonteiro/.m2/repository/org/springframework/boot/spring-boot-starter-jdbc/2.4.3/spring-boot-starter-jdbc-2.4.3.jar:/home/fmonteiro/.m2/repository/com/zaxxer/HikariCP/3.4.5/HikariCP-3.4.5.jar:/home/fmonteiro/.m2/repository/org/springframework/spring-jdbc/5.3.4/spring-jdbc-5.3.4.jar:/home/fmonteiro/.m2/repository/jakarta/transaction/jakarta.transaction-api/1.3.3/jakarta.transaction-api-1.3.3.jar:/home/fmonteiro/.m2/repository/jakarta/persistence/jakarta.persistence-api/2.2.3/jakarta.persistence-api-2.2.3.jar:/home/fmonteiro/.m2/repository/org/hibernate/hibernate-core/5.4.28.Final/hibernate-core-5.4.28.Final.jar:/home/fmonteiro/.m2/repository/org/jboss/logging/jboss-logging/3.4.1.Final/jboss-logging-3.4.1.Final.jar:/home/fmonteiro/.m2/repository/org/javassist/javassist/3.27.0-GA/javassist-3.27.0-GA.jar:/home/fmonteiro/.m2/repository/net/bytebuddy/byte-buddy/1.10.20/byte-buddy-1.10.20.jar:/home/fmonteiro/.m2/repository/antlr/antlr/2.7.7/antlr-2.7.7.jar:/home/fmonteiro/.m2/repository/org/jboss/jandex/2.2.3.Final/jandex-2.2.3.Final.jar:/home/fmonteiro/.m2/repository/com/fasterxml/classmate/1.5.1/classmate-1.5.1.jar:/home/fmonteiro/.m2/repository/org/dom4j/dom4j/2.1.3/dom4j-2.1.3.jar:/home/fmonteiro/.m2/repository/org/hibernate/common/hibernate-commons-annotations/5.1.2.Final/hibernate-commons-annotations-5.1.2.Final.jar:/home/fmonteiro/.m2/repository/org/glassfish/jaxb/jaxb-runtime/2.3.3/jaxb-runtime-2.3.3.jar:/home/fmonteiro/.m2/repository/org/glassfish/jaxb/txw2/2.3.3/txw2-2.3.3.jar:/home/fmonteiro/.m2/repository/com/sun/istack/istack-commons-runtime/3.0.11/istack-commons-runtime-3.0.11.jar:/home/fmonteiro/.m2/repository/com/sun/activation/jakarta.activation/1.2.2/jakarta.activation-1.2.2.jar:/home/fmonteiro/.m2/repository/org/springframework/data/spring-data-jpa/2.4.5/spring-data-jpa-2.4.5.jar:/home/fmonteiro/.m2/repository/org/springframework/spring-orm/5.3.4/spring-orm-5.3.4.jar:/home/fmonteiro/.m2/repository/org/springframework/spring-beans/5.3.4/spring-beans-5.3.4.jar:/home/fmonteiro/.m2/repository/org/springframework/spring-aspects/5.3.4/spring-aspects-5.3.4.jar:/home/fmonteiro/.m2/repository/org/springframework/boot/spring-boot-starter-web/2.4.3/spring-boot-starter-web-2.4.3.jar:/home/fmonteiro/.m2/repository/org/springframework/boot/spring-boot-starter-json/2.4.3/spring-boot-starter-json-2.4.3.jar:/home/fmonteiro/.m2/repository/com/fasterxml/jackson/datatype/jackson-datatype-jdk8/2.11.4/jackson-datatype-jdk8-2.11.4.jar:/home/fmonteiro/.m2/repository/com/fasterxml/jackson/datatype/jackson-datatype-jsr310/2.11.4/jackson-datatype-jsr310-2.11.4.jar:/home/fmonteiro/.m2/repository/com/fasterxml/jackson/module/jackson-module-parameter-names/2.11.4/jackson-module-parameter-names-2.11.4.jar:/home/fmonteiro/.m2/repository/org/springframework/boot/spring-boot-starter-tomcat/2.4.3/spring-boot-starter-tomcat-2.4.3.jar:/home/fmonteiro/.m2/repository/org/apache/tomcat/embed/tomcat-embed-core/9.0.43/tomcat-embed-core-9.0.43.jar:/home/fmonteiro/.m2/repository/org/glassfish/jakarta.el/3.0.3/jakarta.el-3.0.3.jar:/home/fmonteiro/.m2/repository/org/apache/tomcat/embed/tomcat-embed-websocket/9.0.43/tomcat-embed-websocket-9.0.43.jar:/home/fmonteiro/.m2/repository/org/springframework/spring-web/5.3.4/spring-web-5.3.4.jar:/home/fmonteiro/.m2/repository/org/springframework/spring-webmvc/5.3.4/spring-webmvc-5.3.4.jar:/home/fmonteiro/.m2/repository/org/springframework/spring-expression/5.3.4/spring-expression-5.3.4.jar:/home/fmonteiro/.m2/repository/com/github/java-json-tools/json-patch/1.13/json-patch-1.13.jar:/home/fmonteiro/.m2/repository/com/fasterxml/jackson/core/jackson-databind/2.11.4/jackson-databind-2.11.4.jar:/home/fmonteiro/.m2/repository/com/fasterxml/jackson/core/jackson-annotations/2.11.4/jackson-annotations-2.11.4.jar:/home/fmonteiro/.m2/repository/com/github/java-json-tools/msg-simple/1.2/msg-simple-1.2.jar:/home/fmonteiro/.m2/repository/com/github/java-json-tools/btf/1.3/btf-1.3.jar:/home/fmonteiro/.m2/repository/com/google/code/findbugs/jsr305/2.0.1/jsr305-2.0.1.jar:/home/fmonteiro/.m2/repository/com/github/java-json-tools/jackson-coreutils/2.0/jackson-coreutils-2.0.jar:/home/fmonteiro/.m2/repository/org/apache/commons/commons-lang3/3.11/commons-lang3-3.11.jar:/home/fmonteiro/.m2/repository/com/google/code/gson/gson/2.8.6/gson-2.8.6.jar:/home/fmonteiro/.m2/repository/io/rest-assured/rest-assured/3.3.0/rest-assured-3.3.0.jar:/home/fmonteiro/.m2/repository/org/codehaus/groovy/groovy/2.5.14/groovy-2.5.14.jar:/home/fmonteiro/.m2/repository/org/codehaus/groovy/groovy-xml/2.5.14/groovy-xml-2.5.14.jar:/home/fmonteiro/.m2/repository/org/apache/httpcomponents/httpclient/4.5.13/httpclient-4.5.13.jar:/home/fmonteiro/.m2/repository/org/apache/httpcomponents/httpcore/4.4.14/httpcore-4.4.14.jar:/home/fmonteiro/.m2/repository/commons-codec/commons-codec/1.15/commons-codec-1.15.jar:/home/fmonteiro/.m2/repository/org/apache/httpcomponents/httpmime/4.5.13/httpmime-4.5.13.jar:/home/fmonteiro/.m2/repository/org/hamcrest/hamcrest-core/2.2/hamcrest-core-2.2.jar:/home/fmonteiro/.m2/repository/org/hamcrest/hamcrest-library/2.2/hamcrest-library-2.2.jar:/home/fmonteiro/.m2/repository/org/ccil/cowan/tagsoup/tagsoup/1.2.1/tagsoup-1.2.1.jar:/home/fmonteiro/.m2/repository/io/rest-assured/json-path/3.3.0/json-path-3.3.0.jar:/home/fmonteiro/.m2/repository/org/codehaus/groovy/groovy-json/2.5.14/groovy-json-2.5.14.jar:/home/fmonteiro/.m2/repository/io/rest-assured/rest-assured-common/3.3.0/rest-assured-common-3.3.0.jar:/home/fmonteiro/.m2/repository/io/rest-assured/xml-path/3.3.0/xml-path-3.3.0.jar:/home/fmonteiro/.m2/repository/javax/xml/bind/jaxb-api/2.3.1/jaxb-api-2.3.1.jar:/home/fmonteiro/.m2/repository/javax/activation/javax.activation-api/1.2.0/javax.activation-api-1.2.0.jar:/home/fmonteiro/.m2/repository/com/sun/xml/bind/jaxb-osgi/2.2.10/jaxb-osgi-2.2.10.jar:/home/fmonteiro/.m2/repository/org/apache/sling/org.apache.sling.javax.activation/0.1.0/org.apache.sling.javax.activation-0.1.0.jar:/home/fmonteiro/.m2/repository/javax/activation/activation/1.1.1/activation-1.1.1.jar:/home/fmonteiro/.m2/repository/com/h2database/h2/1.4.200/h2-1.4.200.jar:/home/fmonteiro/.m2/repository/org/projectlombok/lombok/1.18.18/lombok-1.18.18.jar:/home/fmonteiro/.m2/repository/org/springframework/boot/spring-boot-starter-test/2.4.3/spring-boot-starter-test-2.4.3.jar:/home/fmonteiro/.m2/repository/org/springframework/boot/spring-boot-test/2.4.3/spring-boot-test-2.4.3.jar:/home/fmonteiro/.m2/repository/org/springframework/boot/spring-boot-test-autoconfigure/2.4.3/spring-boot-test-autoconfigure-2.4.3.jar:/home/fmonteiro/.m2/repository/com/jayway/jsonpath/json-path/2.4.0/json-path-2.4.0.jar:/home/fmonteiro/.m2/repository/net/minidev/json-smart/2.3/json-smart-2.3.jar:/home/fmonteiro/.m2/repository/net/minidev/accessors-smart/1.2/accessors-smart-1.2.jar:/home/fmonteiro/.m2/repository/org/ow2/asm/asm/5.0.4/asm-5.0.4.jar:/home/fmonteiro/.m2/repository/jakarta/xml/bind/jakarta.xml.bind-api/2.3.3/jakarta.xml.bind-api-2.3.3.jar:/home/fmonteiro/.m2/repository/jakarta/activation/jakarta.activation-api/1.2.2/jakarta.activation-api-1.2.2.jar:/home/fmonteiro/.m2/repository/org/assertj/assertj-core/3.18.1/assertj-core-3.18.1.jar:/home/fmonteiro/.m2/repository/org/hamcrest/hamcrest/2.2/hamcrest-2.2.jar:/home/fmonteiro/.m2/repository/org/junit/jupiter/junit-jupiter/5.7.1/junit-jupiter-5.7.1.jar:/home/fmonteiro/.m2/repository/org/junit/jupiter/junit-jupiter-api/5.7.1/junit-jupiter-api-5.7.1.jar:/home/fmonteiro/.m2/repository/org/apiguardian/apiguardian-api/1.1.0/apiguardian-api-1.1.0.jar:/home/fmonteiro/.m2/repository/org/opentest4j/opentest4j/1.2.0/opentest4j-1.2.0.jar:/home/fmonteiro/.m2/repository/org/junit/platform/junit-platform-commons/1.7.1/junit-platform-commons-1.7.1.jar:/home/fmonteiro/.m2/repository/org/junit/jupiter/junit-jupiter-params/5.7.1/junit-jupiter-params-5.7.1.jar:/home/fmonteiro/.m2/repository/org/junit/jupiter/junit-jupiter-engine/5.7.1/junit-jupiter-engine-5.7.1.jar:/home/fmonteiro/.m2/repository/org/junit/platform/junit-platform-engine/1.7.1/junit-platform-engine-1.7.1.jar:/home/fmonteiro/.m2/repository/org/mockito/mockito-core/3.6.28/mockito-core-3.6.28.jar:/home/fmonteiro/.m2/repository/net/bytebuddy/byte-buddy-agent/1.10.20/byte-buddy-agent-1.10.20.jar:/home/fmonteiro/.m2/repository/org/objenesis/objenesis/3.1/objenesis-3.1.jar:/home/fmonteiro/.m2/repository/org/mockito/mockito-junit-jupiter/3.6.28/mockito-junit-jupiter-3.6.28.jar:/home/fmonteiro/.m2/repository/org/skyscreamer/jsonassert/1.5.0/jsonassert-1.5.0.jar:/home/fmonteiro/.m2/repository/com/vaadin/external/google/android-json/0.0.20131108.vaadin1/android-json-0.0.20131108.vaadin1.jar:/home/fmonteiro/.m2/repository/org/springframework/spring-core/5.3.4/spring-core-5.3.4.jar:/home/fmonteiro/.m2/repository/org/springframework/spring-jcl/5.3.4/spring-jcl-5.3.4.jar:/home/fmonteiro/.m2/repository/org/springframework/spring-test/5.3.4/spring-test-5.3.4.jar:/home/fmonteiro/.m2/repository/org/xmlunit/xmlunit-core/2.7.0/xmlunit-core-2.7.0.jar:"/>
    <property name="sun.cpu.endian" value="little"/>
    <property name="user.home" value="/home/fmonteiro"/>
    <property name="user.language" value="en"/>
    <property name="java.specification.vendor" value="Oracle Corporation"/>
    <property name="java.home" value="/usr/lib/jvm/java-8-openjdk-amd64/jre"/>
    <property name="basedir" value="/home/fmonteiro/git/json-diff-api"/>
    <property name="file.separator" value="/"/>
    <property name="line.separator" value="&#10;"/>
    <property name="java.vm.specification.vendor" value="Oracle Corporation"/>
    <property name="java.specification.name" value="Java Platform API Specification"/>
    <property name="java.awt.graphicsenv" value="sun.awt.X11GraphicsEnvironment"/>
    <property name="surefire.real.class.path" value="/home/fmonteiro/git/json-diff-api/target/surefire/surefirebooter3099970201886642213.jar"/>
    <property name="sun.boot.class.path" value="/usr/lib/jvm/java-8-openjdk-amd64/jre/lib/resources.jar:/usr/lib/jvm/java-8-openjdk-amd64/jre/lib/rt.jar:/usr/lib/jvm/java-8-openjdk-amd64/jre/lib/sunrsasign.jar:/usr/lib/jvm/java-8-openjdk-amd64/jre/lib/jsse.jar:/usr/lib/jvm/java-8-openjdk-amd64/jre/lib/jce.jar:/usr/lib/jvm/java-8-openjdk-amd64/jre/lib/charsets.jar:/usr/lib/jvm/java-8-openjdk-amd64/jre/lib/jfr.jar:/usr/lib/jvm/java-8-openjdk-amd64/jre/classes"/>
    <property name="sun.management.compiler" value="HotSpot 64-Bit Tiered Compilers"/>
    <property name="java.runtime.version" value="1.8.0_282-8u282-b08-0ubuntu1~20.04-b08"/>
    <property name="user.name" value="fmonteiro"/>
    <property name="path.separator" value=":"/>
    <property name="os.version" value="5.4.0-67-generic"/>
    <property name="java.endorsed.dirs" value="/usr/lib/jvm/java-8-openjdk-amd64/jre/lib/endorsed"/>
    <property name="java.runtime.name" value="OpenJDK Runtime Environment"/>
    <property name="file.encoding" value="UTF-8"/>
    <property name="java.vm.name" value="OpenJDK 64-Bit Server VM"/>
    <property name="localRepository" value="/home/fmonteiro/.m2/repository"/>
    <property name="java.vendor.url.bug" value="http://bugreport.sun.com/bugreport/"/>
    <property name="java.io.tmpdir" value="/tmp"/>
    <property name="java.version" value="1.8.0_282"/>
    <property name="user.dir" value="/home/fmonteiro/git/json-diff-api"/>
    <property name="os.arch" value="amd64"/>
    <property name="java.vm.specification.name" value="Java Virtual Machine Specification"/>
    <property name="java.awt.printerjob" value="sun.print.PSPrinterJob"/>
    <property name="sun.os.patch.level" value="unknown"/>
    <property name="java.library.path" value="/usr/java/packages/lib/amd64:/usr/lib/x86_64-linux-gnu/jni:/lib/x86_64-linux-gnu:/usr/lib/x86_64-linux-gnu:/usr/lib/jni:/lib:/usr/lib"/>
    <property name="java.vm.info" value="mixed mode"/>
    <property name="java.vendor" value="Private Build"/>
    <property name="java.vm.version" value="25.282-b08"/>
    <property name="java.ext.dirs" value="/usr/lib/jvm/java-8-openjdk-amd64/jre/lib/ext:/usr/java/packages/lib/ext"/>
    <property name="sun.io.unicode.encoding" value="UnicodeLittle"/>
    <property name="java.class.version" value="52.0"/>
  </properties>
  <testcase name="contextLoads" classname="br.com.waes.json.diff.ApplicationTests" time="0.005"/>
</testsuite>